[debug] [2021-10-31T17:26:43.306Z] ----------------------------------------------------------------------
[debug] [2021-10-31T17:26:43.309Z] Command:       C:\Program Files (x86)\nodejs\node.exe C:\Users\USER\AppData\Roaming\npm\node_modules\firebase-tools\lib\bin\firebase.js init
[debug] [2021-10-31T17:26:43.309Z] CLI Version:   9.21.0
[debug] [2021-10-31T17:26:43.309Z] Platform:      win32
[debug] [2021-10-31T17:26:43.309Z] Node Version:  v16.1.0
[debug] [2021-10-31T17:26:43.311Z] Time:          Sun Oct 31 2021 23:26:43 GMT+0600 (Bangladesh Standard Time)
[debug] [2021-10-31T17:26:43.311Z] ----------------------------------------------------------------------
[debug] 
[debug] [2021-10-31T17:26:43.320Z] > command requires scopes: ["email","openid","https://www.googleapis.com/auth/cloudplatformprojects.readonly","https://www.googleapis.com/auth/firebase","https://www.googleapis.com/auth/cloud-platform"]
[debug] [2021-10-31T17:26:43.320Z] > authorizing via signed-in user (mostafanazmulhasan@gmail.com)
[info] 
     ######## #### ########  ######## ########     ###     ######  ########
     ##        ##  ##     ## ##       ##     ##  ##   ##  ##       ##
     ######    ##  ########  ######   ########  #########  ######  ######
     ##        ##  ##    ##  ##       ##     ## ##     ##       ## ##
     ##       #### ##     ## ######## ########  ##     ##  ######  ########

You're about to initialize a Firebase project in this directory:

  C:\Web Development\projects\cruise-ship-new

Before we get started, keep in mind:

  * You are currently outside your home directory

